<?xml version="1.0" encoding="UTF-8"?>
<testsuite xmlns:xsi="http://www.w3.org/2001/XMLSchema-instance" xsi:noNamespaceSchemaLocation="https://maven.apache.org/surefire/maven-surefire-plugin/xsd/surefire-test-report.xsd" name="TestSuite" time="1.632" tests="1" errors="0" skipped="0" failures="1">
  <properties>
[...]
</properties>
  <testcase name="setUpClass" classname="TestRunner" time="1.454">
    <failure message="path must exist: C:\Users\Angie.Reynolds\IdeaProjects\cucumber\src\test\resources\modals.feature" type="java.lang.IllegalArgumentException">java.lang.IllegalArgumentException: path must exist: C:\Users\Angie.Reynolds\IdeaProjects\cucumber\src\test\resources\modals.feature
</failure>
  </testcase>
</testsuite>